<?xml version="1.0" encoding="utf-8"?><testsuites name="pytest tests"><testsuite name="pytest" errors="0" failures="0" skipped="0" tests="3" time="0.647" timestamp="2026-04-22T02:00:13.259891+00:00" hostname="7af566633e14"><testcase classname="src.autobot.v2.tests.test_paper_ops_cli_commands" name="test_session_summary_missing_log_file_exits_nonzero" time="0.120" /><testcase classname="src.autobot.v2.tests.test_paper_ops_cli_commands" name="test_session_summary_empty_log_returns_stable_json_schema" time="0.112" /><testcase classname="src.autobot.v2.tests.test_paper_ops_cli_commands" name="test_validate_missing_env_file_exits_nonzero" time="0.108" /></testsuite></testsuites>