<?xml version="1.0" encoding="utf-8"?><testsuites name="pytest tests"><testsuite name="pytest" errors="0" failures="0" skipped="0" tests="3" time="0.305" timestamp="2026-04-22T02:00:11.675503+00:00" hostname="7af566633e14"><testcase classname="src.autobot.v2.tests.test_scalability_guard" name="test_scalability_guard_state_transitions_allow_freeze_force_reduce" time="0.002" /><testcase classname="src.autobot.v2.tests.test_scalability_guard" name="test_scalability_guard_kill_switch_and_reconciliation_veto_behavior" time="0.001" /><testcase classname="src.autobot.v2.tests.test_scalability_guard" name="test_scalability_guard_default_thresholds_are_conservative_for_current_deployment" time="0.001" /></testsuite></testsuites>